Traceback (most recent call last):
  File "/opt/hostedtoolcache/Python/3.10.13/x64/lib/python3.10/site-packages/jupyter_cache/executors/utils.py", line 58, in single_nb_execution
    executenb(
  File "/opt/hostedtoolcache/Python/3.10.13/x64/lib/python3.10/site-packages/nbclient/client.py", line 1305, in execute
    return NotebookClient(nb=nb, resources=resources, km=km, **kwargs).execute()
  File "/opt/hostedtoolcache/Python/3.10.13/x64/lib/python3.10/site-packages/jupyter_core/utils/__init__.py", line 166, in wrapped
    return loop.run_until_complete(inner)
  File "/opt/hostedtoolcache/Python/3.10.13/x64/lib/python3.10/asyncio/base_events.py", line 649, in run_until_complete
    return future.result()
  File "/opt/hostedtoolcache/Python/3.10.13/x64/lib/python3.10/site-packages/nbclient/client.py", line 705, in async_execute
    await self.async_execute_cell(
  File "/opt/hostedtoolcache/Python/3.10.13/x64/lib/python3.10/site-packages/nbclient/client.py", line 1058, in async_execute_cell
    await self._check_raise_for_error(cell, cell_index, exec_reply)
  File "/opt/hostedtoolcache/Python/3.10.13/x64/lib/python3.10/site-packages/nbclient/client.py", line 914, in _check_raise_for_error
    raise CellExecutionError.from_cell_and_msg(cell, exec_reply_content)
nbclient.exceptions.CellExecutionError: An error occurred while executing the following cell:
------------------
filmi_po_desetletjih.mean()
------------------


[0;31m---------------------------------------------------------------------------[0m
[0;31mTypeError[0m                                 Traceback (most recent call last)
File [0;32m/opt/hostedtoolcache/Python/3.10.13/x64/lib/python3.10/site-packages/pandas/core/groupby/groupby.py:1870[0m, in [0;36mGroupBy._agg_py_fallback[0;34m(self, how, values, ndim, alt)[0m
[1;32m   1869[0m [38;5;28;01mtry[39;00m:
[0;32m-> 1870[0m     res_values [38;5;241m=[39m [38;5;28;43mself[39;49m[38;5;241;43m.[39;49m[43mgrouper[49m[38;5;241;43m.[39;49m[43magg_series[49m[43m([49m[43mser[49m[43m,[49m[43m [49m[43malt[49m[43m,[49m[43m [49m[43mpreserve_dtype[49m[38;5;241;43m=[39;49m[38;5;28;43;01mTrue[39;49;00m[43m)[49m
[1;32m   1871[0m [38;5;28;01mexcept[39;00m [38;5;167;01mException[39;00m [38;5;28;01mas[39;00m err:

File [0;32m/opt/hostedtoolcache/Python/3.10.13/x64/lib/python3.10/site-packages/pandas/core/groupby/ops.py:850[0m, in [0;36mBaseGrouper.agg_series[0;34m(self, obj, func, preserve_dtype)[0m
[1;32m    848[0m     preserve_dtype [38;5;241m=[39m [38;5;28;01mTrue[39;00m
[0;32m--> 850[0m result [38;5;241m=[39m [38;5;28;43mself[39;49m[38;5;241;43m.[39;49m[43m_aggregate_series_pure_python[49m[43m([49m[43mobj[49m[43m,[49m[43m [49m[43mfunc[49m[43m)[49m
[1;32m    852[0m npvalues [38;5;241m=[39m lib[38;5;241m.[39mmaybe_convert_objects(result, try_float[38;5;241m=[39m[38;5;28;01mFalse[39;00m)

File [0;32m/opt/hostedtoolcache/Python/3.10.13/x64/lib/python3.10/site-packages/pandas/core/groupby/ops.py:871[0m, in [0;36mBaseGrouper._aggregate_series_pure_python[0;34m(self, obj, func)[0m
[1;32m    870[0m [38;5;28;01mfor[39;00m i, group [38;5;129;01min[39;00m [38;5;28menumerate[39m(splitter):
[0;32m--> 871[0m     res [38;5;241m=[39m [43mfunc[49m[43m([49m[43mgroup[49m[43m)[49m
[1;32m    872[0m     res [38;5;241m=[39m extract_result(res)

File [0;32m/opt/hostedtoolcache/Python/3.10.13/x64/lib/python3.10/site-packages/pandas/core/groupby/groupby.py:2376[0m, in [0;36mGroupBy.mean.<locals>.<lambda>[0;34m(x)[0m
[1;32m   2373[0m [38;5;28;01melse[39;00m:
[1;32m   2374[0m     result [38;5;241m=[39m [38;5;28mself[39m[38;5;241m.[39m_cython_agg_general(
[1;32m   2375[0m         [38;5;124m"[39m[38;5;124mmean[39m[38;5;124m"[39m,
[0;32m-> 2376[0m         alt[38;5;241m=[39m[38;5;28;01mlambda[39;00m x: [43mSeries[49m[43m([49m[43mx[49m[43m)[49m[38;5;241;43m.[39;49m[43mmean[49m[43m([49m[43mnumeric_only[49m[38;5;241;43m=[39;49m[43mnumeric_only[49m[43m)[49m,
[1;32m   2377[0m         numeric_only[38;5;241m=[39mnumeric_only,
[1;32m   2378[0m     )
[1;32m   2379[0m     [38;5;28;01mreturn[39;00m result[38;5;241m.[39m__finalize__([38;5;28mself[39m[38;5;241m.[39mobj, method[38;5;241m=[39m[38;5;124m"[39m[38;5;124mgroupby[39m[38;5;124m"[39m)

File [0;32m/opt/hostedtoolcache/Python/3.10.13/x64/lib/python3.10/site-packages/pandas/core/series.py:6226[0m, in [0;36mSeries.mean[0;34m(self, axis, skipna, numeric_only, **kwargs)[0m
[1;32m   6218[0m [38;5;129m@doc[39m(make_doc([38;5;124m"[39m[38;5;124mmean[39m[38;5;124m"[39m, ndim[38;5;241m=[39m[38;5;241m1[39m))
[1;32m   6219[0m [38;5;28;01mdef[39;00m [38;5;21mmean[39m(
[1;32m   6220[0m     [38;5;28mself[39m,
[0;32m   (...)[0m
[1;32m   6224[0m     [38;5;241m*[39m[38;5;241m*[39mkwargs,
[1;32m   6225[0m ):
[0;32m-> 6226[0m     [38;5;28;01mreturn[39;00m [43mNDFrame[49m[38;5;241;43m.[39;49m[43mmean[49m[43m([49m[38;5;28;43mself[39;49m[43m,[49m[43m [49m[43maxis[49m[43m,[49m[43m [49m[43mskipna[49m[43m,[49m[43m [49m[43mnumeric_only[49m[43m,[49m[43m [49m[38;5;241;43m*[39;49m[38;5;241;43m*[39;49m[43mkwargs[49m[43m)[49m

File [0;32m/opt/hostedtoolcache/Python/3.10.13/x64/lib/python3.10/site-packages/pandas/core/generic.py:11969[0m, in [0;36mNDFrame.mean[0;34m(self, axis, skipna, numeric_only, **kwargs)[0m
[1;32m  11962[0m [38;5;28;01mdef[39;00m [38;5;21mmean[39m(
[1;32m  11963[0m     [38;5;28mself[39m,
[1;32m  11964[0m     axis: Axis [38;5;241m|[39m [38;5;28;01mNone[39;00m [38;5;241m=[39m [38;5;241m0[39m,
[0;32m   (...)[0m
[1;32m  11967[0m     [38;5;241m*[39m[38;5;241m*[39mkwargs,
[1;32m  11968[0m ) [38;5;241m-[39m[38;5;241m>[39m Series [38;5;241m|[39m [38;5;28mfloat[39m:
[0;32m> 11969[0m     [38;5;28;01mreturn[39;00m [38;5;28;43mself[39;49m[38;5;241;43m.[39;49m[43m_stat_function[49m[43m([49m
[1;32m  11970[0m [43m        [49m[38;5;124;43m"[39;49m[38;5;124;43mmean[39;49m[38;5;124;43m"[39;49m[43m,[49m[43m [49m[43mnanops[49m[38;5;241;43m.[39;49m[43mnanmean[49m[43m,[49m[43m [49m[43maxis[49m[43m,[49m[43m [49m[43mskipna[49m[43m,[49m[43m [49m[43mnumeric_only[49m[43m,[49m[43m [49m[38;5;241;43m*[39;49m[38;5;241;43m*[39;49m[43mkwargs[49m
[1;32m  11971[0m [43m    [49m[43m)[49m

File [0;32m/opt/hostedtoolcache/Python/3.10.13/x64/lib/python3.10/site-packages/pandas/core/generic.py:11926[0m, in [0;36mNDFrame._stat_function[0;34m(self, name, func, axis, skipna, numeric_only, **kwargs)[0m
[1;32m  11924[0m validate_bool_kwarg(skipna, [38;5;124m"[39m[38;5;124mskipna[39m[38;5;124m"[39m, none_allowed[38;5;241m=[39m[38;5;28;01mFalse[39;00m)
[0;32m> 11926[0m [38;5;28;01mreturn[39;00m [38;5;28;43mself[39;49m[38;5;241;43m.[39;49m[43m_reduce[49m[43m([49m
[1;32m  11927[0m [43m    [49m[43mfunc[49m[43m,[49m[43m [49m[43mname[49m[38;5;241;43m=[39;49m[43mname[49m[43m,[49m[43m [49m[43maxis[49m[38;5;241;43m=[39;49m[43maxis[49m[43m,[49m[43m [49m[43mskipna[49m[38;5;241;43m=[39;49m[43mskipna[49m[43m,[49m[43m [49m[43mnumeric_only[49m[38;5;241;43m=[39;49m[43mnumeric_only[49m
[1;32m  11928[0m [43m[49m[43m)[49m

File [0;32m/opt/hostedtoolcache/Python/3.10.13/x64/lib/python3.10/site-packages/pandas/core/series.py:6134[0m, in [0;36mSeries._reduce[0;34m(self, op, name, axis, skipna, numeric_only, filter_type, **kwds)[0m
[1;32m   6130[0m     [38;5;28;01mraise[39;00m [38;5;167;01mTypeError[39;00m(
[1;32m   6131[0m         [38;5;124mf[39m[38;5;124m"[39m[38;5;124mSeries.[39m[38;5;132;01m{[39;00mname[38;5;132;01m}[39;00m[38;5;124m does not allow [39m[38;5;132;01m{[39;00mkwd_name[38;5;132;01m}[39;00m[38;5;124m=[39m[38;5;132;01m{[39;00mnumeric_only[38;5;132;01m}[39;00m[38;5;124m [39m[38;5;124m"[39m
[1;32m   6132[0m         [38;5;124m"[39m[38;5;124mwith non-numeric dtypes.[39m[38;5;124m"[39m
[1;32m   6133[0m     )
[0;32m-> 6134[0m [38;5;28;01mreturn[39;00m [43mop[49m[43m([49m[43mdelegate[49m[43m,[49m[43m [49m[43mskipna[49m[38;5;241;43m=[39;49m[43mskipna[49m[43m,[49m[43m [49m[38;5;241;43m*[39;49m[38;5;241;43m*[39;49m[43mkwds[49m[43m)[49m

File [0;32m/opt/hostedtoolcache/Python/3.10.13/x64/lib/python3.10/site-packages/pandas/core/nanops.py:147[0m, in [0;36mbottleneck_switch.__call__.<locals>.f[0;34m(values, axis, skipna, **kwds)[0m
[1;32m    146[0m [38;5;28;01melse[39;00m:
[0;32m--> 147[0m     result [38;5;241m=[39m [43malt[49m[43m([49m[43mvalues[49m[43m,[49m[43m [49m[43maxis[49m[38;5;241;43m=[39;49m[43maxis[49m[43m,[49m[43m [49m[43mskipna[49m[38;5;241;43m=[39;49m[43mskipna[49m[43m,[49m[43m [49m[38;5;241;43m*[39;49m[38;5;241;43m*[39;49m[43mkwds[49m[43m)[49m
[1;32m    149[0m [38;5;28;01mreturn[39;00m result

File [0;32m/opt/hostedtoolcache/Python/3.10.13/x64/lib/python3.10/site-packages/pandas/core/nanops.py:404[0m, in [0;36m_datetimelike_compat.<locals>.new_func[0;34m(values, axis, skipna, mask, **kwargs)[0m
[1;32m    402[0m     mask [38;5;241m=[39m isna(values)
[0;32m--> 404[0m result [38;5;241m=[39m [43mfunc[49m[43m([49m[43mvalues[49m[43m,[49m[43m [49m[43maxis[49m[38;5;241;43m=[39;49m[43maxis[49m[43m,[49m[43m [49m[43mskipna[49m[38;5;241;43m=[39;49m[43mskipna[49m[43m,[49m[43m [49m[43mmask[49m[38;5;241;43m=[39;49m[43mmask[49m[43m,[49m[43m [49m[38;5;241;43m*[39;49m[38;5;241;43m*[39;49m[43mkwargs[49m[43m)[49m
[1;32m    406[0m [38;5;28;01mif[39;00m datetimelike:

File [0;32m/opt/hostedtoolcache/Python/3.10.13/x64/lib/python3.10/site-packages/pandas/core/nanops.py:720[0m, in [0;36mnanmean[0;34m(values, axis, skipna, mask)[0m
[1;32m    719[0m the_sum [38;5;241m=[39m values[38;5;241m.[39msum(axis, dtype[38;5;241m=[39mdtype_sum)
[0;32m--> 720[0m the_sum [38;5;241m=[39m [43m_ensure_numeric[49m[43m([49m[43mthe_sum[49m[43m)[49m
[1;32m    722[0m [38;5;28;01mif[39;00m axis [38;5;129;01mis[39;00m [38;5;129;01mnot[39;00m [38;5;28;01mNone[39;00m [38;5;129;01mand[39;00m [38;5;28mgetattr[39m(the_sum, [38;5;124m"[39m[38;5;124mndim[39m[38;5;124m"[39m, [38;5;28;01mFalse[39;00m):

File [0;32m/opt/hostedtoolcache/Python/3.10.13/x64/lib/python3.10/site-packages/pandas/core/nanops.py:1693[0m, in [0;36m_ensure_numeric[0;34m(x)[0m
[1;32m   1691[0m [38;5;28;01mif[39;00m [38;5;28misinstance[39m(x, [38;5;28mstr[39m):
[1;32m   1692[0m     [38;5;66;03m# GH#44008, GH#36703 avoid casting e.g. strings to numeric[39;00m
[0;32m-> 1693[0m     [38;5;28;01mraise[39;00m [38;5;167;01mTypeError[39;00m([38;5;124mf[39m[38;5;124m"[39m[38;5;124mCould not convert string [39m[38;5;124m'[39m[38;5;132;01m{[39;00mx[38;5;132;01m}[39;00m[38;5;124m'[39m[38;5;124m to numeric[39m[38;5;124m"[39m)
[1;32m   1694[0m [38;5;28;01mtry[39;00m:

[0;31mTypeError[0m: Could not convert string 'The Birth of a NationIntoleranceBroken Blossoms' to numeric

The above exception was the direct cause of the following exception:

[0;31mTypeError[0m                                 Traceback (most recent call last)
Cell [0;32mIn[24], line 1[0m
[0;32m----> 1[0m [43mfilmi_po_desetletjih[49m[38;5;241;43m.[39;49m[43mmean[49m[43m([49m[43m)[49m

File [0;32m/opt/hostedtoolcache/Python/3.10.13/x64/lib/python3.10/site-packages/pandas/core/groupby/groupby.py:2374[0m, in [0;36mGroupBy.mean[0;34m(self, numeric_only, engine, engine_kwargs)[0m
[1;32m   2367[0m     [38;5;28;01mreturn[39;00m [38;5;28mself[39m[38;5;241m.[39m_numba_agg_general(
[1;32m   2368[0m         grouped_mean,
[1;32m   2369[0m         executor[38;5;241m.[39mfloat_dtype_mapping,
[1;32m   2370[0m         engine_kwargs,
[1;32m   2371[0m         min_periods[38;5;241m=[39m[38;5;241m0[39m,
[1;32m   2372[0m     )
[1;32m   2373[0m [38;5;28;01melse[39;00m:
[0;32m-> 2374[0m     result [38;5;241m=[39m [38;5;28;43mself[39;49m[38;5;241;43m.[39;49m[43m_cython_agg_general[49m[43m([49m
[1;32m   2375[0m [43m        [49m[38;5;124;43m"[39;49m[38;5;124;43mmean[39;49m[38;5;124;43m"[39;49m[43m,[49m
[1;32m   2376[0m [43m        [49m[43malt[49m[38;5;241;43m=[39;49m[38;5;28;43;01mlambda[39;49;00m[43m [49m[43mx[49m[43m:[49m[43m [49m[43mSeries[49m[43m([49m[43mx[49m[43m)[49m[38;5;241;43m.[39;49m[43mmean[49m[43m([49m[43mnumeric_only[49m[38;5;241;43m=[39;49m[43mnumeric_only[49m[43m)[49m[43m,[49m
[1;32m   2377[0m [43m        [49m[43mnumeric_only[49m[38;5;241;43m=[39;49m[43mnumeric_only[49m[43m,[49m
[1;32m   2378[0m [43m    [49m[43m)[49m
[1;32m   2379[0m     [38;5;28;01mreturn[39;00m result[38;5;241m.[39m__finalize__([38;5;28mself[39m[38;5;241m.[39mobj, method[38;5;241m=[39m[38;5;124m"[39m[38;5;124mgroupby[39m[38;5;124m"[39m)

File [0;32m/opt/hostedtoolcache/Python/3.10.13/x64/lib/python3.10/site-packages/pandas/core/groupby/groupby.py:1925[0m, in [0;36mGroupBy._cython_agg_general[0;34m(self, how, alt, numeric_only, min_count, **kwargs)[0m
[1;32m   1922[0m     result [38;5;241m=[39m [38;5;28mself[39m[38;5;241m.[39m_agg_py_fallback(how, values, ndim[38;5;241m=[39mdata[38;5;241m.[39mndim, alt[38;5;241m=[39malt)
[1;32m   1923[0m     [38;5;28;01mreturn[39;00m result
[0;32m-> 1925[0m new_mgr [38;5;241m=[39m [43mdata[49m[38;5;241;43m.[39;49m[43mgrouped_reduce[49m[43m([49m[43marray_func[49m[43m)[49m
[1;32m   1926[0m res [38;5;241m=[39m [38;5;28mself[39m[38;5;241m.[39m_wrap_agged_manager(new_mgr)
[1;32m   1927[0m out [38;5;241m=[39m [38;5;28mself[39m[38;5;241m.[39m_wrap_aggregated_output(res)

File [0;32m/opt/hostedtoolcache/Python/3.10.13/x64/lib/python3.10/site-packages/pandas/core/internals/managers.py:1428[0m, in [0;36mBlockManager.grouped_reduce[0;34m(self, func)[0m
[1;32m   1424[0m [38;5;28;01mif[39;00m blk[38;5;241m.[39mis_object:
[1;32m   1425[0m     [38;5;66;03m# split on object-dtype blocks bc some columns may raise[39;00m
[1;32m   1426[0m     [38;5;66;03m#  while others do not.[39;00m
[1;32m   1427[0m     [38;5;28;01mfor[39;00m sb [38;5;129;01min[39;00m blk[38;5;241m.[39m_split():
[0;32m-> 1428[0m         applied [38;5;241m=[39m [43msb[49m[38;5;241;43m.[39;49m[43mapply[49m[43m([49m[43mfunc[49m[43m)[49m
[1;32m   1429[0m         result_blocks [38;5;241m=[39m extend_blocks(applied, result_blocks)
[1;32m   1430[0m [38;5;28;01melse[39;00m:

File [0;32m/opt/hostedtoolcache/Python/3.10.13/x64/lib/python3.10/site-packages/pandas/core/internals/blocks.py:366[0m, in [0;36mBlock.apply[0;34m(self, func, **kwargs)[0m
[1;32m    360[0m [38;5;129m@final[39m
[1;32m    361[0m [38;5;28;01mdef[39;00m [38;5;21mapply[39m([38;5;28mself[39m, func, [38;5;241m*[39m[38;5;241m*[39mkwargs) [38;5;241m-[39m[38;5;241m>[39m [38;5;28mlist[39m[Block]:
[1;32m    362[0m [38;5;250m    [39m[38;5;124;03m"""[39;00m
[1;32m    363[0m [38;5;124;03m    apply the function to my values; return a block if we are not[39;00m
[1;32m    364[0m [38;5;124;03m    one[39;00m
[1;32m    365[0m [38;5;124;03m    """[39;00m
[0;32m--> 366[0m     result [38;5;241m=[39m [43mfunc[49m[43m([49m[38;5;28;43mself[39;49m[38;5;241;43m.[39;49m[43mvalues[49m[43m,[49m[43m [49m[38;5;241;43m*[39;49m[38;5;241;43m*[39;49m[43mkwargs[49m[43m)[49m
[1;32m    368[0m     result [38;5;241m=[39m maybe_coerce_values(result)
[1;32m    369[0m     [38;5;28;01mreturn[39;00m [38;5;28mself[39m[38;5;241m.[39m_split_op_result(result)

File [0;32m/opt/hostedtoolcache/Python/3.10.13/x64/lib/python3.10/site-packages/pandas/core/groupby/groupby.py:1922[0m, in [0;36mGroupBy._cython_agg_general.<locals>.array_func[0;34m(values)[0m
[1;32m   1919[0m [38;5;28;01melse[39;00m:
[1;32m   1920[0m     [38;5;28;01mreturn[39;00m result
[0;32m-> 1922[0m result [38;5;241m=[39m [38;5;28;43mself[39;49m[38;5;241;43m.[39;49m[43m_agg_py_fallback[49m[43m([49m[43mhow[49m[43m,[49m[43m [49m[43mvalues[49m[43m,[49m[43m [49m[43mndim[49m[38;5;241;43m=[39;49m[43mdata[49m[38;5;241;43m.[39;49m[43mndim[49m[43m,[49m[43m [49m[43malt[49m[38;5;241;43m=[39;49m[43malt[49m[43m)[49m
[1;32m   1923[0m [38;5;28;01mreturn[39;00m result

File [0;32m/opt/hostedtoolcache/Python/3.10.13/x64/lib/python3.10/site-packages/pandas/core/groupby/groupby.py:1874[0m, in [0;36mGroupBy._agg_py_fallback[0;34m(self, how, values, ndim, alt)[0m
[1;32m   1872[0m     msg [38;5;241m=[39m [38;5;124mf[39m[38;5;124m"[39m[38;5;124magg function failed [how->[39m[38;5;132;01m{[39;00mhow[38;5;132;01m}[39;00m[38;5;124m,dtype->[39m[38;5;132;01m{[39;00mser[38;5;241m.[39mdtype[38;5;132;01m}[39;00m[38;5;124m][39m[38;5;124m"[39m
[1;32m   1873[0m     [38;5;66;03m# preserve the kind of exception that raised[39;00m
[0;32m-> 1874[0m     [38;5;28;01mraise[39;00m [38;5;28mtype[39m(err)(msg) [38;5;28;01mfrom[39;00m [38;5;21;01merr[39;00m
[1;32m   1876[0m [38;5;28;01mif[39;00m ser[38;5;241m.[39mdtype [38;5;241m==[39m [38;5;28mobject[39m:
[1;32m   1877[0m     res_values [38;5;241m=[39m res_values[38;5;241m.[39mastype([38;5;28mobject[39m, copy[38;5;241m=[39m[38;5;28;01mFalse[39;00m)

[0;31mTypeError[0m: agg function failed [how->mean,dtype->object]

